<?xml version="1.0" encoding="UTF-8"?>
<testsuite name="URLifyTest" tests="4" skipped="0" failures="0" errors="0" timestamp="2020-12-05T23:47:41" hostname="DESKTOP-TLNTQV0" time="0.019">
  <properties/>
  <testcase name="should_urlify_example_with_lot_of_spaces()" classname="URLifyTest" time="0.016"/>
  <testcase name="should_urlify_example_with_more_spaces_at_end_that_needed()" classname="URLifyTest" time="0.001"/>
  <testcase name="should_urlify_example()" classname="URLifyTest" time="0.0"/>
  <testcase name="should_not_urlify_if_is_not_needed()" classname="URLifyTest" time="0.0"/>
  <system-out><![CDATA[]]></system-out>
  <system-err><![CDATA[]]></system-err>
</testsuite>
