<?xml version="1.0" encoding="UTF-8"?>
<testsuite name="IsUniqueTest" tests="4" skipped="0" failures="0" errors="0" timestamp="2020-12-05T22:07:51" hostname="DESKTOP-TLNTQV0" time="0.02">
  <properties/>
  <testcase name="should_return_false_for_string_with_repeated_char()" classname="IsUniqueTest" time="0.015"/>
  <testcase name="should_return_false_for_string_with_repetitions()" classname="IsUniqueTest" time="0.001"/>
  <testcase name="should_return_true_for_string_without_repetitions()" classname="IsUniqueTest" time="0.002"/>
  <testcase name="should_return_true_for_string_with_only_one_char()" classname="IsUniqueTest" time="0.0"/>
  <system-out><![CDATA[]]></system-out>
  <system-err><![CDATA[]]></system-err>
</testsuite>
